[LoggerStatus.SUCCESS] | [+] Starting assembly. Options (True, True, True, True, True) | Sat Oct 19 13:56:26 2024
[LoggerStatus.SUCCESS] | [+] Create default directories | Sat Oct 19 13:56:26 2024
[LoggerStatus.SUCCESS] | [+] Copy Dotfiles & GTK | Sat Oct 19 13:56:26 2024
[LoggerStatus.SUCCESS] | [+] Updates Enabled | Sat Oct 19 13:56:27 2024
[LoggerStatus.SUCCESS] | [+] Installed BSPWM Dependencies | Sat Oct 19 13:56:31 2024
[LoggerStatus.SUCCESS] | Installed: tumbler | Sat Oct 19 13:57:56 2024
[LoggerStatus.SUCCESS] | Installed: ffmpegthumbnailer | Sat Oct 19 13:59:55 2024
[LoggerStatus.SUCCESS] | Installed: lsd | Sat Oct 19 13:59:59 2024
[LoggerStatus.SUCCESS] | Installed: alacritty | Sat Oct 19 14:00:06 2024
[LoggerStatus.SUCCESS] | Installed: bat | Sat Oct 19 14:00:14 2024
[LoggerStatus.SUCCESS] | Installed: brightnessctl | Sat Oct 19 14:00:16 2024
[LoggerStatus.SUCCESS] | Installed: calc | Sat Oct 19 14:00:20 2024
[LoggerStatus.SUCCESS] | Installed: automake | Sat Oct 19 14:00:20 2024
[LoggerStatus.SUCCESS] | Installed: blueman | Sat Oct 19 14:01:02 2024
[LoggerStatus.SUCCESS] | Installed: bluez | Sat Oct 19 14:01:03 2024
[LoggerStatus.SUCCESS] | Installed: bluez-utils | Sat Oct 19 14:01:09 2024
[LoggerStatus.SUCCESS] | Installed: dunst | Sat Oct 19 14:01:13 2024
[LoggerStatus.SUCCESS] | Installed: fakeroot | Sat Oct 19 14:01:13 2024
[LoggerStatus.SUCCESS] | Installed: feh | Sat Oct 19 14:01:19 2024
[LoggerStatus.SUCCESS] | Installed: firefox | Sat Oct 19 14:02:00 2024
[LoggerStatus.SUCCESS] | Installed: fish | Sat Oct 19 14:02:04 2024
[LoggerStatus.SUCCESS] | Installed: dpkg | Sat Oct 19 14:02:09 2024
[LoggerStatus.SUCCESS] | Installed: gcc | Sat Oct 19 14:02:10 2024
[LoggerStatus.SUCCESS] | Installed: gedit | Sat Oct 19 14:02:24 2024
[LoggerStatus.SUCCESS] | Installed: git | Sat Oct 19 14:02:24 2024
[LoggerStatus.SUCCESS] | Installed: gnu-netcat | Sat Oct 19 14:02:29 2024
[LoggerStatus.SUCCESS] | Installed: htop | Sat Oct 19 14:02:34 2024
[LoggerStatus.SUCCESS] | Installed: btop | Sat Oct 19 14:02:38 2024
[LoggerStatus.SUCCESS] | Installed: nano | Sat Oct 19 14:02:41 2024
[LoggerStatus.SUCCESS] | Installed: lxappearance | Sat Oct 19 14:02:47 2024
[LoggerStatus.SUCCESS] | Installed: mat2 | Sat Oct 19 14:02:58 2024
[LoggerStatus.SUCCESS] | Installed: mpd | Sat Oct 19 14:03:30 2024
[LoggerStatus.SUCCESS] | Installed: mpv | Sat Oct 19 14:03:39 2024
[LoggerStatus.SUCCESS] | Installed: thunar | Sat Oct 19 14:03:50 2024
[LoggerStatus.SUCCESS] | Installed: ncmpcpp | Sat Oct 19 14:03:58 2024
[LoggerStatus.SUCCESS] | Installed: neofetch | Sat Oct 19 14:04:01 2024
[LoggerStatus.SUCCESS] | Installed: network-manager-applet | Sat Oct 19 14:04:15 2024
[LoggerStatus.SUCCESS] | Installed: nitrogen | Sat Oct 19 14:04:25 2024
[LoggerStatus.SUCCESS] | Installed: pamixer | Sat Oct 19 14:04:28 2024
[LoggerStatus.SUCCESS] | Installed: papirus-icon-theme | Sat Oct 19 14:04:52 2024
[LoggerStatus.SUCCESS] | Installed: pavucontrol | Sat Oct 19 14:05:22 2024
[LoggerStatus.SUCCESS] | Installed: polybar | Sat Oct 19 14:05:29 2024
[LoggerStatus.SUCCESS] | Installed: autoconf | Sat Oct 19 14:05:29 2024
[LoggerStatus.SUCCESS] | Installed: mpc | Sat Oct 19 14:05:31 2024
[LoggerStatus.SUCCESS] | Installed: pulseaudio | Sat Oct 19 14:05:43 2024
[LoggerStatus.SUCCESS] | Installed: pulseaudio-alsa | Sat Oct 19 14:05:47 2024
[LoggerStatus.SUCCESS] | Installed: python-pyalsa | Sat Oct 19 14:05:49 2024
[LoggerStatus.SUCCESS] | Installed: ranger | Sat Oct 19 14:05:54 2024
[LoggerStatus.SUCCESS] | Installed: redshift | Sat Oct 19 14:05:57 2024
[LoggerStatus.SUCCESS] | Installed: reflector | Sat Oct 19 14:05:59 2024
[LoggerStatus.SUCCESS] | Installed: rofi | Sat Oct 19 14:06:04 2024
[LoggerStatus.SUCCESS] | Installed: rofi-calc | Sat Oct 19 14:06:10 2024
[LoggerStatus.SUCCESS] | Installed: calcurse | Sat Oct 19 14:06:13 2024
[LoggerStatus.SUCCESS] | Installed: rofi-emoji | Sat Oct 19 14:06:15 2024
[LoggerStatus.SUCCESS] | Installed: scrot | Sat Oct 19 14:06:19 2024
[LoggerStatus.SUCCESS] | Installed: sudo | Sat Oct 19 14:06:20 2024
[LoggerStatus.SUCCESS] | Installed: slop | Sat Oct 19 14:06:27 2024
[LoggerStatus.SUCCESS] | Installed: tree | Sat Oct 19 14:06:29 2024
[LoggerStatus.SUCCESS] | Installed: unrar | Sat Oct 19 14:06:32 2024
[LoggerStatus.SUCCESS] | Installed: zip | Sat Oct 19 14:06:35 2024
[LoggerStatus.SUCCESS] | Installed: unzip | Sat Oct 19 14:06:38 2024
[LoggerStatus.SUCCESS] | Installed: uthash | Sat Oct 19 14:06:41 2024
[LoggerStatus.SUCCESS] | Installed: xarchiver | Sat Oct 19 14:06:44 2024
[LoggerStatus.SUCCESS] | Installed: xfce4-power-manager | Sat Oct 19 14:06:56 2024
[LoggerStatus.SUCCESS] | Installed: xfce4-settings | Sat Oct 19 14:07:12 2024
[LoggerStatus.SUCCESS] | Installed: xorg-xbacklight | Sat Oct 19 14:07:12 2024
[LoggerStatus.SUCCESS] | Installed: zathura | Sat Oct 19 14:07:18 2024
[LoggerStatus.SUCCESS] | Installed: zathura-djvu | Sat Oct 19 14:07:23 2024
[LoggerStatus.SUCCESS] | Installed: zathura-pdf-mupdf | Sat Oct 19 14:07:49 2024
[LoggerStatus.SUCCESS] | Installed: cmake | Sat Oct 19 14:08:01 2024
[LoggerStatus.SUCCESS] | Installed: clang | Sat Oct 19 14:08:48 2024
[LoggerStatus.SUCCESS] | Installed: gzip | Sat Oct 19 14:08:49 2024
[LoggerStatus.SUCCESS] | Installed: imagemagick | Sat Oct 19 14:09:08 2024
[LoggerStatus.SUCCESS] | Installed: make | Sat Oct 19 14:09:08 2024
[LoggerStatus.SUCCESS] | Installed: openssh | Sat Oct 19 14:09:09 2024
[LoggerStatus.SUCCESS] | Installed: pulseaudio-bluetooth | Sat Oct 19 14:09:13 2024
[LoggerStatus.SUCCESS] | Installed: shellcheck | Sat Oct 19 14:10:42 2024
[LoggerStatus.SUCCESS] | Installed: vlc | Sat Oct 19 14:11:23 2024
[LoggerStatus.SUCCESS] | Installed: usbutils | Sat Oct 19 14:11:25 2024
[LoggerStatus.SUCCESS] | Installed: picom | Sat Oct 19 14:11:31 2024
[LoggerStatus.SUCCESS] | Installed: networkmanager-openvpn | Sat Oct 19 14:11:44 2024
[LoggerStatus.SUCCESS] | Installed: alsa-plugins | Sat Oct 19 14:11:44 2024
[LoggerStatus.SUCCESS] | Installed: alsa-tools | Sat Oct 19 14:11:49 2024
[LoggerStatus.SUCCESS] | Installed: alsa-utils | Sat Oct 19 14:11:56 2024
[LoggerStatus.SUCCESS] | Installed: ffmpeg | Sat Oct 19 14:11:57 2024
[LoggerStatus.SUCCESS] | Installed: p7zip | Sat Oct 19 14:12:10 2024
[LoggerStatus.SUCCESS] | Installed: gparted | Sat Oct 19 14:12:27 2024
[LoggerStatus.SUCCESS] | Installed: sshfs | Sat Oct 19 14:12:33 2024
[LoggerStatus.SUCCESS] | Installed: openvpn | Sat Oct 19 14:12:33 2024
[LoggerStatus.SUCCESS] | Installed: xclip | Sat Oct 19 14:12:36 2024
[LoggerStatus.SUCCESS] | Installed: gpick | Sat Oct 19 14:12:48 2024
[LoggerStatus.SUCCESS] | Installed: wget | Sat Oct 19 14:13:09 2024
[LoggerStatus.SUCCESS] | Installed: ueberzug | Sat Oct 19 14:13:43 2024
[LoggerStatus.SUCCESS] | Installed: netctl | Sat Oct 19 14:14:08 2024
[LoggerStatus.SUCCESS] | Installed: light | Sat Oct 19 14:14:09 2024
[LoggerStatus.SUCCESS] | Installed: libreoffice | Sat Oct 19 14:18:36 2024
[LoggerStatus.SUCCESS] | Installed: breeze | Sat Oct 19 14:18:37 2024
[LoggerStatus.SUCCESS] | Installed: vulkan-intel | Sat Oct 19 14:18:37 2024
[LoggerStatus.SUCCESS] | Installed: intel-ucode | Sat Oct 19 14:18:37 2024
[LoggerStatus.SUCCESS] | Installed: ttf-jetbrains-mono | Sat Oct 19 14:18:38 2024
[LoggerStatus.SUCCESS] | Installed: ttf-jetbrains-mono-nerd | Sat Oct 19 14:18:38 2024
[LoggerStatus.SUCCESS] | Installed: ttf-fira-code | Sat Oct 19 14:18:38 2024
[LoggerStatus.SUCCESS] | Installed: ttf-iosevka-nerd | Sat Oct 19 14:18:39 2024
[LoggerStatus.SUCCESS] | Installed: cava | Sat Oct 19 14:18:39 2024
[LoggerStatus.SUCCESS] | Installed: i3lock-color | Sat Oct 19 14:18:39 2024
[LoggerStatus.SUCCESS] | Installed: ptpython | Sat Oct 19 14:18:40 2024
[LoggerStatus.SUCCESS] | [+] Firefox styles installed | Sat Oct 19 14:18:50 2024
[LoggerStatus.SUCCESS] | [+] Installed Dev Dependencies | Sat Oct 19 14:18:50 2024
[LoggerStatus.SUCCESS] | Installed: discord | Sat Oct 19 14:35:40 2024
[LoggerStatus.SUCCESS] | Installed: filezilla | Sat Oct 19 14:35:50 2024
[LoggerStatus.SUCCESS] | Installed: chromium | Sat Oct 19 14:35:50 2024
[LoggerStatus.SUCCESS] | Installed: keepassxc | Sat Oct 19 14:35:50 2024
[LoggerStatus.SUCCESS] | Installed: gufw | Sat Oct 19 14:35:51 2024
[LoggerStatus.SUCCESS] | Installed: python-pywal | Sat Oct 19 14:35:51 2024
[LoggerStatus.SUCCESS] | Installed: bleachbit | Sat Oct 19 14:35:51 2024
[LoggerStatus.SUCCESS] | Installed: gnome-firmware | Sat Oct 19 14:35:52 2024
[LoggerStatus.SUCCESS] | Installed: touche | Sat Oct 19 14:35:52 2024
[LoggerStatus.SUCCESS] | Installed: dconf-editor | Sat Oct 19 14:35:52 2024
[LoggerStatus.SUCCESS] | Installed: neovim | Sat Oct 19 14:35:53 2024
[LoggerStatus.SUCCESS] | Installed: telegram-desktop | Sat Oct 19 14:35:53 2024
[LoggerStatus.SUCCESS] | Installed: tmux | Sat Oct 19 14:35:53 2024
[LoggerStatus.SUCCESS] | Installed: code | Sat Oct 19 14:35:54 2024
[LoggerStatus.SUCCESS] | Installed: deluge-gtk | Sat Oct 19 14:35:54 2024
[LoggerStatus.SUCCESS] | Installed: flameshot | Sat Oct 19 14:35:54 2024
[LoggerStatus.SUCCESS] | Installed: obsidian | Sat Oct 19 14:35:55 2024
[LoggerStatus.SUCCESS] | Installed: python-pip | Sat Oct 19 14:35:55 2024
[LoggerStatus.SUCCESS] | Installed: bpython | Sat Oct 19 14:35:55 2024
[LoggerStatus.SUCCESS] | Installed: ipython | Sat Oct 19 14:35:56 2024
[LoggerStatus.SUCCESS] | Installed: cloc | Sat Oct 19 14:35:56 2024
[LoggerStatus.SUCCESS] | Installed: evince | Sat Oct 19 14:35:56 2024
[LoggerStatus.SUCCESS] | Installed: gnome-calculator | Sat Oct 19 14:35:57 2024
[LoggerStatus.SUCCESS] | Installed: gnome-disk-utility | Sat Oct 19 14:35:57 2024
[LoggerStatus.SUCCESS] | Installed: gucharmap | Sat Oct 19 14:35:57 2024
[LoggerStatus.SUCCESS] | Installed: gthumb | Sat Oct 19 14:35:58 2024
[LoggerStatus.SUCCESS] | Installed: gnome-clocks | Sat Oct 19 14:35:58 2024
[LoggerStatus.SUCCESS] | [+] Prepare Multilib | Sat Oct 19 14:35:58 2024
[LoggerStatus.SUCCESS] | [+] Update Multilib Repository | Sat Oct 19 14:35:58 2024
[LoggerStatus.SUCCESS] | [+] Install Nvidia & Intel Drivers | Sat Oct 19 14:35:58 2024
[LoggerStatus.SUCCESS] | [+] Starting assembly. Options (True, True, True, True, True) | Sat Oct 19 14:36:46 2024
[LoggerStatus.SUCCESS] | [+] Create default directories | Sat Oct 19 14:36:46 2024
[LoggerStatus.SUCCESS] | [+] Copy Dotfiles & GTK | Sat Oct 19 14:36:46 2024
[LoggerStatus.SUCCESS] | [+] Updates Enabled | Sat Oct 19 14:36:47 2024
[LoggerStatus.SUCCESS] | [+] Installed BSPWM Dependencies | Sat Oct 19 14:36:50 2024
[LoggerStatus.SUCCESS] | Installed: tumbler | Sat Oct 19 14:37:04 2024
[LoggerStatus.SUCCESS] | Installed: ffmpegthumbnailer | Sat Oct 19 14:37:05 2024
[LoggerStatus.SUCCESS] | Installed: lsd | Sat Oct 19 14:37:05 2024
[LoggerStatus.SUCCESS] | Installed: alacritty | Sat Oct 19 14:37:06 2024
[LoggerStatus.SUCCESS] | Installed: bat | Sat Oct 19 14:37:06 2024
[LoggerStatus.SUCCESS] | Installed: brightnessctl | Sat Oct 19 14:37:06 2024
[LoggerStatus.SUCCESS] | Installed: calc | Sat Oct 19 14:37:07 2024
[LoggerStatus.SUCCESS] | Installed: automake | Sat Oct 19 14:37:07 2024
[LoggerStatus.SUCCESS] | Installed: blueman | Sat Oct 19 14:37:09 2024
[LoggerStatus.SUCCESS] | Installed: bluez | Sat Oct 19 14:37:09 2024
[LoggerStatus.SUCCESS] | Installed: bluez-utils | Sat Oct 19 14:37:10 2024
[LoggerStatus.SUCCESS] | Installed: dunst | Sat Oct 19 14:37:11 2024
[LoggerStatus.SUCCESS] | Installed: fakeroot | Sat Oct 19 14:37:11 2024
[LoggerStatus.SUCCESS] | Installed: feh | Sat Oct 19 14:37:11 2024
[LoggerStatus.SUCCESS] | Installed: firefox | Sat Oct 19 14:37:13 2024
[LoggerStatus.SUCCESS] | Installed: fish | Sat Oct 19 14:37:13 2024
[LoggerStatus.SUCCESS] | Installed: dpkg | Sat Oct 19 14:37:14 2024
[LoggerStatus.SUCCESS] | Installed: gcc | Sat Oct 19 14:37:15 2024
[LoggerStatus.SUCCESS] | Installed: gedit | Sat Oct 19 14:37:16 2024
[LoggerStatus.SUCCESS] | Installed: git | Sat Oct 19 14:37:17 2024
[LoggerStatus.SUCCESS] | Installed: gnu-netcat | Sat Oct 19 14:37:18 2024
[LoggerStatus.SUCCESS] | Installed: htop | Sat Oct 19 14:37:18 2024
[LoggerStatus.SUCCESS] | Installed: btop | Sat Oct 19 14:37:19 2024
[LoggerStatus.SUCCESS] | Installed: nano | Sat Oct 19 14:37:19 2024
[LoggerStatus.SUCCESS] | Installed: lxappearance | Sat Oct 19 14:37:19 2024
[LoggerStatus.SUCCESS] | Installed: mat2 | Sat Oct 19 14:37:20 2024
[LoggerStatus.SUCCESS] | Installed: mpd | Sat Oct 19 14:37:21 2024
[LoggerStatus.SUCCESS] | Installed: mpv | Sat Oct 19 14:37:22 2024
[LoggerStatus.SUCCESS] | Installed: thunar | Sat Oct 19 14:37:23 2024
[LoggerStatus.SUCCESS] | Installed: ncmpcpp | Sat Oct 19 14:37:23 2024
[LoggerStatus.SUCCESS] | Installed: neofetch | Sat Oct 19 14:37:24 2024
[LoggerStatus.SUCCESS] | Installed: network-manager-applet | Sat Oct 19 14:37:24 2024
[LoggerStatus.SUCCESS] | Installed: nitrogen | Sat Oct 19 14:37:25 2024
[LoggerStatus.SUCCESS] | Installed: pamixer | Sat Oct 19 14:37:25 2024
[LoggerStatus.SUCCESS] | Installed: papirus-icon-theme | Sat Oct 19 14:37:37 2024
[LoggerStatus.SUCCESS] | Installed: pavucontrol | Sat Oct 19 14:37:37 2024
[LoggerStatus.SUCCESS] | Installed: polybar | Sat Oct 19 14:37:38 2024
[LoggerStatus.SUCCESS] | Installed: autoconf | Sat Oct 19 14:37:38 2024
[LoggerStatus.SUCCESS] | Installed: mpc | Sat Oct 19 14:37:38 2024
[LoggerStatus.SUCCESS] | Installed: pulseaudio | Sat Oct 19 14:37:40 2024
[LoggerStatus.SUCCESS] | Installed: pulseaudio-alsa | Sat Oct 19 14:37:41 2024
[LoggerStatus.SUCCESS] | Installed: python-pyalsa | Sat Oct 19 14:37:41 2024
[LoggerStatus.SUCCESS] | Installed: ranger | Sat Oct 19 14:37:42 2024
[LoggerStatus.SUCCESS] | Installed: redshift | Sat Oct 19 14:37:42 2024
[LoggerStatus.SUCCESS] | Installed: reflector | Sat Oct 19 14:37:43 2024
[LoggerStatus.SUCCESS] | Installed: rofi | Sat Oct 19 14:37:44 2024
[LoggerStatus.SUCCESS] | Installed: rofi-calc | Sat Oct 19 14:37:44 2024
[LoggerStatus.SUCCESS] | Installed: calcurse | Sat Oct 19 14:37:45 2024
[LoggerStatus.SUCCESS] | Installed: rofi-emoji | Sat Oct 19 14:37:45 2024
[LoggerStatus.SUCCESS] | Installed: scrot | Sat Oct 19 14:37:46 2024
[LoggerStatus.SUCCESS] | Installed: sudo | Sat Oct 19 14:37:46 2024
[LoggerStatus.SUCCESS] | Installed: slop | Sat Oct 19 14:37:47 2024
[LoggerStatus.SUCCESS] | Installed: tree | Sat Oct 19 14:37:47 2024
[LoggerStatus.SUCCESS] | Installed: unrar | Sat Oct 19 14:37:48 2024
[LoggerStatus.SUCCESS] | Installed: zip | Sat Oct 19 14:37:48 2024
[LoggerStatus.SUCCESS] | Installed: unzip | Sat Oct 19 14:37:49 2024
[LoggerStatus.SUCCESS] | Installed: uthash | Sat Oct 19 14:37:49 2024
[LoggerStatus.SUCCESS] | Installed: xarchiver | Sat Oct 19 14:37:50 2024
[LoggerStatus.SUCCESS] | Installed: xfce4-power-manager | Sat Oct 19 14:37:51 2024
[LoggerStatus.SUCCESS] | Installed: xfce4-settings | Sat Oct 19 14:37:51 2024
[LoggerStatus.SUCCESS] | Installed: xorg-xbacklight | Sat Oct 19 14:37:52 2024
[LoggerStatus.SUCCESS] | Installed: zathura | Sat Oct 19 14:37:52 2024
[LoggerStatus.SUCCESS] | Installed: zathura-djvu | Sat Oct 19 14:37:53 2024
[LoggerStatus.SUCCESS] | Installed: zathura-pdf-mupdf | Sat Oct 19 14:37:53 2024
[LoggerStatus.SUCCESS] | Installed: cmake | Sat Oct 19 14:37:55 2024
[LoggerStatus.SUCCESS] | Installed: clang | Sat Oct 19 14:37:56 2024
[LoggerStatus.SUCCESS] | Installed: gzip | Sat Oct 19 14:37:56 2024
[LoggerStatus.SUCCESS] | Installed: imagemagick | Sat Oct 19 14:37:57 2024
[LoggerStatus.SUCCESS] | Installed: make | Sat Oct 19 14:37:57 2024
[LoggerStatus.SUCCESS] | Installed: openssh | Sat Oct 19 14:37:58 2024
[LoggerStatus.SUCCESS] | Installed: pulseaudio-bluetooth | Sat Oct 19 14:37:58 2024
[LoggerStatus.SUCCESS] | Installed: shellcheck | Sat Oct 19 14:37:59 2024
[LoggerStatus.SUCCESS] | Installed: vlc | Sat Oct 19 14:38:00 2024
[LoggerStatus.SUCCESS] | Installed: usbutils | Sat Oct 19 14:38:00 2024
[LoggerStatus.SUCCESS] | Installed: picom | Sat Oct 19 14:38:01 2024
[LoggerStatus.SUCCESS] | Installed: networkmanager-openvpn | Sat Oct 19 14:38:01 2024
[LoggerStatus.SUCCESS] | Installed: alsa-plugins | Sat Oct 19 14:38:02 2024
[LoggerStatus.SUCCESS] | Installed: alsa-tools | Sat Oct 19 14:38:02 2024
[LoggerStatus.SUCCESS] | Installed: alsa-utils | Sat Oct 19 14:38:04 2024
[LoggerStatus.SUCCESS] | Installed: ffmpeg | Sat Oct 19 14:38:05 2024
[LoggerStatus.SUCCESS] | Installed: p7zip | Sat Oct 19 14:38:05 2024
[LoggerStatus.SUCCESS] | Installed: gparted | Sat Oct 19 14:38:06 2024
[LoggerStatus.SUCCESS] | Installed: sshfs | Sat Oct 19 14:38:07 2024
[LoggerStatus.SUCCESS] | Installed: openvpn | Sat Oct 19 14:38:07 2024
[LoggerStatus.SUCCESS] | Installed: xclip | Sat Oct 19 14:38:08 2024
[LoggerStatus.SUCCESS] | Installed: gpick | Sat Oct 19 14:38:09 2024
[LoggerStatus.SUCCESS] | Installed: wget | Sat Oct 19 14:38:09 2024
[LoggerStatus.SUCCESS] | Installed: ueberzug | Sat Oct 19 14:38:10 2024
[LoggerStatus.SUCCESS] | Installed: netctl | Sat Oct 19 14:38:11 2024
[LoggerStatus.SUCCESS] | Installed: light | Sat Oct 19 14:38:11 2024
[LoggerStatus.SUCCESS] | Installed: libreoffice | Sat Oct 19 14:39:45 2024
[LoggerStatus.SUCCESS] | Installed: breeze | Sat Oct 19 14:41:56 2024
[LoggerStatus.SUCCESS] | Installed: vulkan-intel | Sat Oct 19 14:42:01 2024
[LoggerStatus.SUCCESS] | Installed: intel-ucode | Sat Oct 19 14:42:07 2024
[LoggerStatus.SUCCESS] | Installed: ttf-jetbrains-mono | Sat Oct 19 14:42:11 2024
[LoggerStatus.SUCCESS] | Installed: ttf-jetbrains-mono-nerd | Sat Oct 19 14:42:19 2024
[LoggerStatus.SUCCESS] | Installed: ttf-fira-code | Sat Oct 19 14:42:23 2024
[LoggerStatus.SUCCESS] | Installed: ttf-iosevka-nerd | Sat Oct 19 14:43:11 2024
[LoggerStatus.SUCCESS] | Installed: cava | Sat Oct 19 14:43:45 2024
[LoggerStatus.SUCCESS] | Installed: i3lock-color | Sat Oct 19 14:44:18 2024
[LoggerStatus.SUCCESS] | Installed: ptpython | Sat Oct 19 14:44:58 2024
[LoggerStatus.SUCCESS] | [+] Firefox styles installed | Sat Oct 19 14:45:08 2024
[LoggerStatus.SUCCESS] | [+] Installed Dev Dependencies | Sat Oct 19 14:45:08 2024
[LoggerStatus.SUCCESS] | Installed: discord | Sat Oct 19 14:46:29 2024
[LoggerStatus.SUCCESS] | Installed: filezilla | Sat Oct 19 14:46:41 2024
[LoggerStatus.SUCCESS] | Installed: chromium | Sat Oct 19 14:47:24 2024
[LoggerStatus.SUCCESS] | Installed: keepassxc | Sat Oct 19 14:47:33 2024
[LoggerStatus.SUCCESS] | Installed: gufw | Sat Oct 19 14:47:59 2024
[LoggerStatus.SUCCESS] | Installed: python-pywal | Sat Oct 19 14:48:02 2024
[LoggerStatus.SUCCESS] | Installed: bleachbit | Sat Oct 19 14:48:07 2024
[LoggerStatus.SUCCESS] | Installed: gnome-firmware | Sat Oct 19 14:48:36 2024
[LoggerStatus.SUCCESS] | Installed: touche | Sat Oct 19 14:48:36 2024
[LoggerStatus.SUCCESS] | Installed: dconf-editor | Sat Oct 19 14:48:40 2024
[LoggerStatus.SUCCESS] | Installed: neovim | Sat Oct 19 14:49:00 2024
[LoggerStatus.SUCCESS] | Installed: telegram-desktop | Sat Oct 19 14:49:26 2024
[LoggerStatus.SUCCESS] | Installed: tmux | Sat Oct 19 14:49:31 2024
[LoggerStatus.SUCCESS] | Installed: code | Sat Oct 19 14:50:17 2024
[LoggerStatus.SUCCESS] | Installed: deluge-gtk | Sat Oct 19 14:51:06 2024
[LoggerStatus.SUCCESS] | Installed: flameshot | Sat Oct 19 14:51:16 2024
[LoggerStatus.SUCCESS] | Installed: obsidian | Sat Oct 19 14:51:42 2024
[LoggerStatus.SUCCESS] | Installed: python-pip | Sat Oct 19 14:51:50 2024
[LoggerStatus.SUCCESS] | Installed: bpython | Sat Oct 19 14:52:04 2024
[LoggerStatus.SUCCESS] | Installed: ipython | Sat Oct 19 14:52:31 2024
[LoggerStatus.SUCCESS] | Installed: cloc | Sat Oct 19 14:52:53 2024
[LoggerStatus.SUCCESS] | Installed: evince | Sat Oct 19 14:53:31 2024
[LoggerStatus.SUCCESS] | Installed: gnome-calculator | Sat Oct 19 14:53:39 2024
[LoggerStatus.SUCCESS] | Installed: gnome-disk-utility | Sat Oct 19 14:53:46 2024
[LoggerStatus.SUCCESS] | Installed: gucharmap | Sat Oct 19 14:53:50 2024
[LoggerStatus.SUCCESS] | Installed: gthumb | Sat Oct 19 14:54:01 2024
[LoggerStatus.SUCCESS] | Installed: gnome-clocks | Sat Oct 19 14:54:13 2024
[LoggerStatus.SUCCESS] | [+] Prepare Multilib | Sat Oct 19 14:54:13 2024
[LoggerStatus.SUCCESS] | [+] Update Multilib Repository | Sat Oct 19 14:54:13 2024
[LoggerStatus.SUCCESS] | [+] Install Nvidia & Intel Drivers | Sat Oct 19 14:54:30 2024
